[debug] [2024-11-03T22:12:22.590Z] ----------------------------------------------------------------------
[debug] [2024-11-03T22:12:22.592Z] Command:       c:\Program Files\nodejs\node.exe C:\Users\Craig\AppData\Roaming\npm\node_modules\firebase-tools\lib\bin\firebase.js deploy
[debug] [2024-11-03T22:12:22.592Z] CLI Version:   13.23.1
[debug] [2024-11-03T22:12:22.592Z] Platform:      win32
[debug] [2024-11-03T22:12:22.592Z] Node Version:  v20.18.0
[debug] [2024-11-03T22:12:22.592Z] Time:          Sun Nov 03 2024 22:12:22 GMT+0000 (Greenwich Mean Time)
[debug] [2024-11-03T22:12:22.593Z] ----------------------------------------------------------------------
[debug] 
[debug] [2024-11-03T22:12:22.634Z] > command requires scopes: ["email","openid","https://www.googleapis.com/auth/cloudplatformprojects.readonly","https://www.googleapis.com/auth/firebase","https://www.googleapis.com/auth/cloud-platform"]
[debug] [2024-11-03T22:12:22.634Z] > authorizing via signed-in user (codefusion8@gmail.com)
[debug] [2024-11-03T22:12:22.634Z] [iam] checking project expenses-5d437 for permissions ["datastore.indexes.create","datastore.indexes.delete","datastore.indexes.list","datastore.indexes.update","firebase.projects.get","firebasehosting.sites.update"]
[debug] [2024-11-03T22:12:22.635Z] Checked if tokens are valid: true, expires at: 1730674730312
[debug] [2024-11-03T22:12:22.635Z] Checked if tokens are valid: true, expires at: 1730674730312
[debug] [2024-11-03T22:12:22.636Z] >>> [apiv2][query] POST https://cloudresourcemanager.googleapis.com/v1/projects/expenses-5d437:testIamPermissions [none]
[debug] [2024-11-03T22:12:22.636Z] >>> [apiv2][(partial)header] POST https://cloudresourcemanager.googleapis.com/v1/projects/expenses-5d437:testIamPermissions x-goog-quota-user=projects/expenses-5d437
[debug] [2024-11-03T22:12:22.636Z] >>> [apiv2][body] POST https://cloudresourcemanager.googleapis.com/v1/projects/expenses-5d437:testIamPermissions {"permissions":["datastore.indexes.create","datastore.indexes.delete","datastore.indexes.list","datastore.indexes.update","firebase.projects.get","firebasehosting.sites.update"]}
[debug] [2024-11-03T22:12:23.361Z] <<< [apiv2][status] POST https://cloudresourcemanager.googleapis.com/v1/projects/expenses-5d437:testIamPermissions 200
[debug] [2024-11-03T22:12:23.361Z] <<< [apiv2][body] POST https://cloudresourcemanager.googleapis.com/v1/projects/expenses-5d437:testIamPermissions {"permissions":["datastore.indexes.create","datastore.indexes.delete","datastore.indexes.list","datastore.indexes.update","firebase.projects.get","firebasehosting.sites.update"]}
[debug] [2024-11-03T22:12:23.362Z] Checked if tokens are valid: true, expires at: 1730674730312
[debug] [2024-11-03T22:12:23.362Z] Checked if tokens are valid: true, expires at: 1730674730312
[debug] [2024-11-03T22:12:23.362Z] >>> [apiv2][query] GET https://firebase.googleapis.com/v1beta1/projects/expenses-5d437 [none]
[debug] [2024-11-03T22:12:23.668Z] <<< [apiv2][status] GET https://firebase.googleapis.com/v1beta1/projects/expenses-5d437 200
